<?xml version="1.0" encoding="UTF-8"?>
<!-- Generated by org.testng.reporters.JUnitReportReporter -->
<testsuite hostname="NB-GPAY-29423" failures="0" tests="1" name="org.AutomationStore.browserTest" time="9.553" errors="0" timestamp="2024-02-05T14:28:25 ICT" skipped="0">
  <testcase classname="org.AutomationStore.browserTest" name="testBrowser" time="9.553"/>
</testsuite> <!-- org.AutomationStore.browserTest -->
