<?xml version="1.0" encoding="UTF-8"?>
<!-- Generated by org.testng.reporters.JUnitReportReporter -->
<testsuite hostname="NB-GPAY-29423" failures="0" tests="2" name="org.AutomationStore.GeneralTestSingle" time="89.617" errors="0" timestamp="2024-02-12T13:50:08 ICT" skipped="0">
  <testcase classname="org.AutomationStore.GeneralTestSingle" name="testBeli" time="30.516"/>
  <testcase classname="org.AutomationStore.GeneralTestSingle" name="testBeli" time="59.101"/>
</testsuite> <!-- org.AutomationStore.GeneralTestSingle -->
