<?xml version="1.0" encoding="UTF-8"?>
<!-- Generated by org.testng.reporters.JUnitReportReporter -->
<testsuite hostname="NB-GPAY-29423" failures="0" tests="1" name="AutomationCommerce.AutomationStore.browserTest" time="8.189" errors="0" timestamp="2023-10-03T13:55:13 WIB" skipped="0">
  <testcase classname="AutomationCommerce.AutomationStore.browserTest" name="testBrowser" time="8.189"/>
</testsuite> <!-- AutomationCommerce.AutomationStore.browserTest -->
