<?xml version="1.0" encoding="UTF-8"?>
<!-- Generated by org.testng.reporters.JUnitReportReporter -->
<testsuite hostname="NB-GPAY-29423" failures="0" tests="1" name="AutomationCommerce.AutomationStore.GeneralTest" time="73.375" errors="0" timestamp="2023-10-02T16:11:03 WIB" skipped="0">
  <testcase classname="AutomationCommerce.AutomationStore.GeneralTest" name="testBeli" time="73.375"/>
</testsuite> <!-- AutomationCommerce.AutomationStore.GeneralTest -->
